  GameOverScene.cpp
C:\Program Files (x86)\Windows Kits\10\Include\10.0.16299.0\shared\minwindef.h(127): warning C4005: 'CALLBACK': 매크로 재정의
  C:\Program Files (x86)\Windows Kits\10\Include\10.0.16299.0\um\GL/glut.h(33): note: 'CALLBACK'의 이전 정의를 참조하십시오.
GameOverScene.cpp(39): warning C4267: '=': 'size_t'에서 'int'(으)로 변환하면서 데이터가 손실될 수 있습니다.
GameOverScene.cpp(53): warning C4267: '=': 'size_t'에서 'int'(으)로 변환하면서 데이터가 손실될 수 있습니다.
GameOverScene.cpp(65): warning C4267: '=': 'size_t'에서 'int'(으)로 변환하면서 데이터가 손실될 수 있습니다.
GameOverScene.cpp(70): warning C4267: '=': 'size_t'에서 'int'(으)로 변환하면서 데이터가 손실될 수 있습니다.
  GameScene.cpp
C:\Program Files (x86)\Windows Kits\10\Include\10.0.16299.0\shared\minwindef.h(127): warning C4005: 'CALLBACK': 매크로 재정의
  C:\Program Files (x86)\Windows Kits\10\Include\10.0.16299.0\um\GL/glut.h(33): note: 'CALLBACK'의 이전 정의를 참조하십시오.
GameScene.cpp(173): warning C4267: '=': 'size_t'에서 'int'(으)로 변환하면서 데이터가 손실될 수 있습니다.
GameScene.cpp(183): warning C4267: '=': 'size_t'에서 'int'(으)로 변환하면서 데이터가 손실될 수 있습니다.
GameScene.cpp(499): warning C4267: '=': 'size_t'에서 'int'(으)로 변환하면서 데이터가 손실될 수 있습니다.
GameScene.cpp(504): warning C4267: '=': 'size_t'에서 'int'(으)로 변환하면서 데이터가 손실될 수 있습니다.
GameScene.cpp(514): warning C4267: '=': 'size_t'에서 'int'(으)로 변환하면서 데이터가 손실될 수 있습니다.
  Light.cpp
C:\Program Files (x86)\Windows Kits\10\Include\10.0.16299.0\shared\minwindef.h(127): warning C4005: 'CALLBACK': 매크로 재정의
  C:\Program Files (x86)\Windows Kits\10\Include\10.0.16299.0\um\GL/glut.h(33): note: 'CALLBACK'의 이전 정의를 참조하십시오.
  LoginScene.cpp
C:\Program Files (x86)\Windows Kits\10\Include\10.0.16299.0\shared\minwindef.h(127): warning C4005: 'CALLBACK': 매크로 재정의
  C:\Program Files (x86)\Windows Kits\10\Include\10.0.16299.0\um\GL/glut.h(33): note: 'CALLBACK'의 이전 정의를 참조하십시오.
LoginScene.cpp(70): warning C4267: '=': 'size_t'에서 'int'(으)로 변환하면서 데이터가 손실될 수 있습니다.
LoginScene.cpp(85): warning C4267: '=': 'size_t'에서 'int'(으)로 변환하면서 데이터가 손실될 수 있습니다.
LoginScene.cpp(96): warning C4267: '=': 'size_t'에서 'int'(으)로 변환하면서 데이터가 손실될 수 있습니다.
LoginScene.cpp(101): warning C4267: '=': 'size_t'에서 'int'(으)로 변환하면서 데이터가 손실될 수 있습니다.
LoginScene.cpp(116): warning C4267: '=': 'size_t'에서 'int'(으)로 변환하면서 데이터가 손실될 수 있습니다.
  Main.cpp
C:\Program Files (x86)\Windows Kits\10\Include\10.0.16299.0\shared\minwindef.h(127): warning C4005: 'CALLBACK': 매크로 재정의
  C:\Program Files (x86)\Windows Kits\10\Include\10.0.16299.0\um\GL/glut.h(33): note: 'CALLBACK'의 이전 정의를 참조하십시오.
  Object.cpp
C:\Program Files (x86)\Windows Kits\10\Include\10.0.16299.0\shared\minwindef.h(127): warning C4005: 'CALLBACK': 매크로 재정의
  C:\Program Files (x86)\Windows Kits\10\Include\10.0.16299.0\um\GL/glut.h(33): note: 'CALLBACK'의 이전 정의를 참조하십시오.
  Player.cpp
C:\Program Files (x86)\Windows Kits\10\Include\10.0.16299.0\shared\minwindef.h(127): warning C4005: 'CALLBACK': 매크로 재정의
  C:\Program Files (x86)\Windows Kits\10\Include\10.0.16299.0\um\GL/glut.h(33): note: 'CALLBACK'의 이전 정의를 참조하십시오.
  Scene.cpp
C:\Program Files (x86)\Windows Kits\10\Include\10.0.16299.0\shared\minwindef.h(127): warning C4005: 'CALLBACK': 매크로 재정의
  C:\Program Files (x86)\Windows Kits\10\Include\10.0.16299.0\um\GL/glut.h(33): note: 'CALLBACK'의 이전 정의를 참조하십시오.
  SceneMgr.cpp
C:\Program Files (x86)\Windows Kits\10\Include\10.0.16299.0\shared\minwindef.h(127): warning C4005: 'CALLBACK': 매크로 재정의
  C:\Program Files (x86)\Windows Kits\10\Include\10.0.16299.0\um\GL/glut.h(33): note: 'CALLBACK'의 이전 정의를 참조하십시오.
  Star.cpp
C:\Program Files (x86)\Windows Kits\10\Include\10.0.16299.0\shared\minwindef.h(127): warning C4005: 'CALLBACK': 매크로 재정의
  C:\Program Files (x86)\Windows Kits\10\Include\10.0.16299.0\um\GL/glut.h(33): note: 'CALLBACK'의 이전 정의를 참조하십시오.
LINK : warning LNK4044: '/SAFESEH[:NO]' 옵션을 인식할 수 없습니다. 무시됩니다.
LINK : fatal error LNK1104: 'glut32.lib' 파일을 열 수 없습니다.
