  GameOverScene.cpp
C:\Users\지수\Downloads\컴그텀프\규나니의 날아라 세모\Wave\Header.h(13): fatal error C1083: 포함 파일을 열 수 없습니다. 'GL/glut.h': No such file or directory
  GameScene.cpp
C:\Users\지수\Downloads\컴그텀프\규나니의 날아라 세모\Wave\Header.h(13): fatal error C1083: 포함 파일을 열 수 없습니다. 'GL/glut.h': No such file or directory
  Light.cpp
C:\Users\지수\Downloads\컴그텀프\규나니의 날아라 세모\Wave\Header.h(13): fatal error C1083: 포함 파일을 열 수 없습니다. 'GL/glut.h': No such file or directory
  LoginScene.cpp
C:\Users\지수\Downloads\컴그텀프\규나니의 날아라 세모\Wave\Header.h(13): fatal error C1083: 포함 파일을 열 수 없습니다. 'GL/glut.h': No such file or directory
  Main.cpp
C:\Users\지수\Downloads\컴그텀프\규나니의 날아라 세모\Wave\Header.h(13): fatal error C1083: 포함 파일을 열 수 없습니다. 'GL/glut.h': No such file or directory
  Object.cpp
C:\Users\지수\Downloads\컴그텀프\규나니의 날아라 세모\Wave\Header.h(13): fatal error C1083: 포함 파일을 열 수 없습니다. 'GL/glut.h': No such file or directory
  Player.cpp
C:\Users\지수\Downloads\컴그텀프\규나니의 날아라 세모\Wave\Header.h(13): fatal error C1083: 포함 파일을 열 수 없습니다. 'GL/glut.h': No such file or directory
  Scene.cpp
C:\Users\지수\Downloads\컴그텀프\규나니의 날아라 세모\Wave\Header.h(13): fatal error C1083: 포함 파일을 열 수 없습니다. 'GL/glut.h': No such file or directory
  SceneMgr.cpp
C:\Users\지수\Downloads\컴그텀프\규나니의 날아라 세모\Wave\Header.h(13): fatal error C1083: 포함 파일을 열 수 없습니다. 'GL/glut.h': No such file or directory
  Star.cpp
C:\Users\지수\Downloads\컴그텀프\규나니의 날아라 세모\Wave\Header.h(13): fatal error C1083: 포함 파일을 열 수 없습니다. 'GL/glut.h': No such file or directory
